[0m13:56:11.793067 [debug] [MainThread]: Sending event: {'category': 'dbt', 'action': 'invocation', 'label': 'start', 'context': [<snowplow_tracker.self_describing_json.SelfDescribingJson object at 0x7e80c7463b00>, <snowplow_tracker.self_describing_json.SelfDescribingJson object at 0x7e80c8fa4380>, <snowplow_tracker.self_describing_json.SelfDescribingJson object at 0x7e80c73c0bc0>]}


============================== 13:56:11.805799 | 8246891b-6a09-4932-9ab6-3497a2c13c19 ==============================
[0m13:56:11.805799 [info ] [MainThread]: Running with dbt=1.9.0
[0m13:56:11.806687 [debug] [MainThread]: running dbt with arguments {'printer_width': '80', 'indirect_selection': 'eager', 'write_json': 'True', 'log_cache_events': 'False', 'partial_parse': 'True', 'cache_selected_only': 'False', 'profiles_dir': '/root/.dbt', 'fail_fast': 'False', 'debug': 'False', 'log_path': 'logs', 'warn_error': 'None', 'version_check': 'True', 'use_colors': 'True', 'use_experimental_parser': 'False', 'no_print': 'None', 'quiet': 'False', 'empty': 'None', 'log_format': 'default', 'introspect': 'True', 'warn_error_options': 'WarnErrorOptions(include=[], exclude=[])', 'static_parser': 'True', 'target_path': 'None', 'invocation_command': 'dbt init my_project', 'send_anonymous_usage_stats': 'True'}
[0m13:56:11.862443 [warn ] [MainThread]: [ConfigFolderDirectory]: Unable to parse logging event dictionary. Failed to parse dir field: expected string or bytes-like object, got 'PosixPath'.. Dictionary: {'dir': PosixPath('/root/.dbt')}
[0m13:56:11.863295 [info ] [MainThread]: Creating dbt configuration folder at 
[0m13:56:11.866811 [debug] [MainThread]: Starter project path: /usr/local/lib/python3.12/site-packages/dbt/include/starter_project
[0m13:56:11.879996 [info ] [MainThread]: 
Your new dbt project "my_project" was created!

For more information on how to configure the profiles.yml file,
please consult the dbt documentation here:

  https://docs.getdbt.com/docs/configure-your-profile

One more thing:

Need help? Don't hesitate to reach out to us via GitHub issues or on Slack:

  https://community.getdbt.com/

Happy modeling!

[0m13:56:11.880736 [info ] [MainThread]: Setting up your profile.
[0m13:58:31.897373 [info ] [MainThread]: Profile my_project written to /root/.dbt/profiles.yml using target's profile_template.yml and your supplied values. Run 'dbt debug' to validate the connection.
[0m13:58:32.000187 [debug] [MainThread]: Resource report: {"command_name": "init", "command_success": true, "command_wall_clock_time": 129.35521, "process_in_blocks": "0", "process_kernel_time": 0.730568, "process_mem_max_rss": "92596", "process_out_blocks": "1544", "process_user_time": 2.770071}
[0m13:58:32.021909 [debug] [MainThread]: Command `dbt init` succeeded at 13:58:32.019121 after 129.39 seconds
[0m13:58:32.049308 [debug] [MainThread]: Sending event: {'category': 'dbt', 'action': 'invocation', 'label': 'end', 'context': [<snowplow_tracker.self_describing_json.SelfDescribingJson object at 0x7e80c6f014f0>, <snowplow_tracker.self_describing_json.SelfDescribingJson object at 0x7e80c9213680>, <snowplow_tracker.self_describing_json.SelfDescribingJson object at 0x7e80c72d7770>]}
[0m13:58:32.065676 [debug] [MainThread]: Flushing usage events
[0m13:58:32.771495 [debug] [MainThread]: An error was encountered while trying to flush usage events
[0m13:59:59.528738 [debug] [MainThread]: Sending event: {'category': 'dbt', 'action': 'invocation', 'label': 'start', 'context': [<snowplow_tracker.self_describing_json.SelfDescribingJson object at 0x783a29f2b5c0>, <snowplow_tracker.self_describing_json.SelfDescribingJson object at 0x783a29d65b80>, <snowplow_tracker.self_describing_json.SelfDescribingJson object at 0x783a29e7ae10>]}


============================== 13:59:59.543879 | 6e585367-d141-4a25-84dd-80089d7e1263 ==============================
[0m13:59:59.543879 [info ] [MainThread]: Running with dbt=1.9.0
[0m13:59:59.545474 [debug] [MainThread]: running dbt with arguments {'printer_width': '80', 'indirect_selection': 'eager', 'write_json': 'True', 'log_cache_events': 'False', 'partial_parse': 'True', 'cache_selected_only': 'False', 'warn_error': 'None', 'debug': 'False', 'version_check': 'True', 'log_path': 'logs', 'fail_fast': 'False', 'profiles_dir': '/root/.dbt', 'use_colors': 'True', 'use_experimental_parser': 'False', 'no_print': 'None', 'quiet': 'False', 'empty': 'None', 'log_format': 'default', 'introspect': 'True', 'warn_error_options': 'WarnErrorOptions(include=[], exclude=[])', 'invocation_command': 'dbt debug', 'target_path': 'None', 'static_parser': 'True', 'send_anonymous_usage_stats': 'True'}
[0m13:59:59.607943 [info ] [MainThread]: dbt version: 1.9.0
[0m13:59:59.608741 [info ] [MainThread]: python version: 3.12.4
[0m13:59:59.611605 [info ] [MainThread]: python path: /usr/local/bin/python
[0m13:59:59.612592 [info ] [MainThread]: os info: Linux-6.6.87.2-microsoft-standard-WSL2-x86_64-with-glibc2.31
[0m13:59:59.613754 [info ] [MainThread]: Using profiles dir at /root/.dbt
[0m13:59:59.614501 [info ] [MainThread]: Using profiles.yml file at /root/.dbt/profiles.yml
[0m13:59:59.615133 [info ] [MainThread]: Using dbt_project.yml file at /usr/app/dbt_project.yml
[0m13:59:59.615721 [info ] [MainThread]: Configuration:
[0m13:59:59.616417 [info ] [MainThread]:   profiles.yml file [[31mERROR not found[0m]
[0m13:59:59.617225 [info ] [MainThread]:   dbt_project.yml file [[31mERROR not found[0m]
[0m13:59:59.617870 [info ] [MainThread]: Required dependencies:
[0m13:59:59.618475 [debug] [MainThread]: Executing "git --help"
[0m13:59:59.650660 [debug] [MainThread]: STDOUT: "b"usage: git [--version] [--help] [-C <path>] [-c <name>=<value>]\n           [--exec-path[=<path>]] [--html-path] [--man-path] [--info-path]\n           [-p | --paginate | -P | --no-pager] [--no-replace-objects] [--bare]\n           [--git-dir=<path>] [--work-tree=<path>] [--namespace=<name>]\n           <command> [<args>]\n\nThese are common Git commands used in various situations:\n\nstart a working area (see also: git help tutorial)\n   clone             Clone a repository into a new directory\n   init              Create an empty Git repository or reinitialize an existing one\n\nwork on the current change (see also: git help everyday)\n   add               Add file contents to the index\n   mv                Move or rename a file, a directory, or a symlink\n   restore           Restore working tree files\n   rm                Remove files from the working tree and from the index\n   sparse-checkout   Initialize and modify the sparse-checkout\n\nexamine the history and state (see also: git help revisions)\n   bisect            Use binary search to find the commit that introduced a bug\n   diff              Show changes between commits, commit and working tree, etc\n   grep              Print lines matching a pattern\n   log               Show commit logs\n   show              Show various types of objects\n   status            Show the working tree status\n\ngrow, mark and tweak your common history\n   branch            List, create, or delete branches\n   commit            Record changes to the repository\n   merge             Join two or more development histories together\n   rebase            Reapply commits on top of another base tip\n   reset             Reset current HEAD to the specified state\n   switch            Switch branches\n   tag               Create, list, delete or verify a tag object signed with GPG\n\ncollaborate (see also: git help workflows)\n   fetch             Download objects and refs from another repository\n   pull              Fetch from and integrate with another repository or a local branch\n   push              Update remote refs along with associated objects\n\n'git help -a' and 'git help -g' list available subcommands and some\nconcept guides. See 'git help <command>' or 'git help <concept>'\nto read about a specific subcommand or concept.\nSee 'git help git' for an overview of the system.\n""
[0m13:59:59.651144 [debug] [MainThread]: STDERR: "b''"
[0m13:59:59.651408 [info ] [MainThread]:  - git [[32mOK found[0m]

[0m13:59:59.651687 [info ] [MainThread]: Connection test skipped since no profile was found
[0m13:59:59.652059 [info ] [MainThread]: [31m2 checks failed:[0m
[0m13:59:59.652516 [info ] [MainThread]: dbt looked for a profiles.yml file in /root/.dbt/profiles.yml, but did
not find one. For more information on configuring your profile, consult the
documentation:

https://docs.getdbt.com/docs/configure-your-profile


[0m13:59:59.653183 [info ] [MainThread]: Project loading failed for the following reason:
 project path </usr/app/dbt_project.yml> not found

[0m13:59:59.655546 [debug] [MainThread]: Resource report: {"command_name": "debug", "command_success": false, "command_wall_clock_time": 0.19618215, "process_in_blocks": "0", "process_kernel_time": 0.752688, "process_mem_max_rss": "87280", "process_out_blocks": "1488", "process_user_time": 1.991122}
[0m13:59:59.657111 [debug] [MainThread]: Command `dbt debug` failed at 13:59:59.656763 after 0.20 seconds
[0m13:59:59.658044 [debug] [MainThread]: Sending event: {'category': 'dbt', 'action': 'invocation', 'label': 'end', 'context': [<snowplow_tracker.self_describing_json.SelfDescribingJson object at 0x783a29606840>, <snowplow_tracker.self_describing_json.SelfDescribingJson object at 0x783a2982c0b0>, <snowplow_tracker.self_describing_json.SelfDescribingJson object at 0x783a2982e000>]}
[0m13:59:59.658873 [debug] [MainThread]: Flushing usage events
[0m14:00:00.158966 [debug] [MainThread]: An error was encountered while trying to flush usage events
